<?xml version="1.0" encoding="UTF-8"?>
<!-- Generated by org.testng.reporters.JUnitReportReporter -->
<testsuite skipped="0" hostname="Owner-PC" name="com.crm.qa.testcases.LoginPageTest" tests="3" failures="0" timestamp="09 Mar 2018 05:37:46 GMT" time="48.361" errors="0">
  <testcase name="loginPageTitleTest" time="12.285" classname="com.crm.qa.testcases.LoginPageTest"/>
  <testcase name="crmLogoImageTest" time="12.568" classname="com.crm.qa.testcases.LoginPageTest"/>
  <testcase name="loginTest" time="23.508" classname="com.crm.qa.testcases.LoginPageTest"/>
</testsuite> <!-- com.crm.qa.testcases.LoginPageTest -->
