<?xml version="1.0" encoding="UTF-8"?>
<!-- Generated by org.testng.reporters.JUnitReportReporter -->
<testsuite skipped="0" hostname="Owner-PC" name="com.crm.qa.testcases.ContactspageTest" tests="2" failures="0" timestamp="27 Mar 2018 04:42:51 GMT" time="59.278" errors="0">
  <testcase name="verifyContactsPageLabel" time="31.717" classname="com.crm.qa.testcases.ContactspageTest"/>
  <testcase name="selectSingleContactsTest" time="27.561" classname="com.crm.qa.testcases.ContactspageTest"/>
</testsuite> <!-- com.crm.qa.testcases.ContactspageTest -->
