<?xml version="1.0" encoding="UTF-8"?>
<!-- Generated by org.testng.reporters.JUnitReportReporter -->
<testsuite skipped="2" hostname="Owner-PC" name="com.crm.qa.testcases.HomePageTest" tests="4" failures="0" timestamp="25 Mar 2018 17:17:14 GMT" time="59.896" errors="0">
  <testcase name="ContactsLinkTest" time="23.349" classname="com.crm.qa.testcases.HomePageTest"/>
  <testcase name="ContactsLinkTest" time="36.547" classname="com.crm.qa.testcases.HomePageTest"/>
  <testcase name="verifyHomePageTitle" classname="com.crm.qa.testcases.HomePageTest">
    <skipped/>
  </testcase> <!-- verifyHomePageTitle -->
  <testcase name="verifyUserName" classname="com.crm.qa.testcases.HomePageTest">
    <skipped/>
  </testcase> <!-- verifyUserName -->
</testsuite> <!-- com.crm.qa.testcases.HomePageTest -->
